This file contains any messages produced by compilers while
running configure, to aid debugging if configure makes a mistake.

It was created by configure, which was
generated by GNU Autoconf 2.61.  Invocation command line was

  $ ../dist/configure --program-prefix=n

## --------- ##
## Platform. ##
## --------- ##

hostname = hp-1
uname -m = x86_64
uname -r = 4.19.0-14-amd64
uname -s = Linux
uname -v = #1 SMP Debian 4.19.171-2 (2021-01-30)

/usr/bin/uname -p = unknown
/bin/uname -X     = unknown

/bin/arch              = x86_64
/usr/bin/arch -k       = unknown
/usr/convex/getsysinfo = unknown
/usr/bin/hostinfo      = unknown
/bin/machine           = unknown
/usr/bin/oslevel       = unknown
/bin/universe          = unknown

PATH: /home/syed/.elan/bin
PATH: /home/syed/.local/bin
PATH: /usr/local/bin
PATH: /usr/bin
PATH: /bin
PATH: /usr/local/games
PATH: /usr/games
PATH: /usr/local/plan9/bin


## ----------- ##
## Core tests. ##
## ----------- ##

configure:2036: checking for a BSD-compatible install
configure:2092: result: /usr/bin/install -c
configure:2103: checking whether build environment is sane
configure:2146: result: yes
configure:2174: checking for a thread-safe mkdir -p
configure:2213: result: /usr/bin/mkdir -p
configure:2226: checking for gawk
configure:2242: found /usr/bin/gawk
configure:2253: result: gawk
configure:2264: checking whether make sets $(MAKE)
configure:2285: result: yes
configure:2489: checking for a BSD-compatible install
configure:2545: result: /usr/bin/install -c
configure:2562: checking build system type
configure:2580: result: x86_64-unknown-linux-gnu
configure:2602: checking host system type
configure:2617: result: x86_64-unknown-linux-gnu
configure:2724: checking for style of include used by make
configure:2752: result: GNU
configure:2822: checking for gcc
configure:2838: found /usr/bin/gcc
configure:2849: result: gcc
configure:3087: checking for C compiler version
configure:3094: gcc --version >&5
gcc (Debian 8.3.0-6) 8.3.0
Copyright (C) 2018 Free Software Foundation, Inc.
This is free software; see the source for copying conditions.  There is NO
warranty; not even for MERCHANTABILITY or FITNESS FOR A PARTICULAR PURPOSE.

configure:3097: $? = 0
configure:3104: gcc -v >&5
Using built-in specs.
COLLECT_GCC=gcc
COLLECT_LTO_WRAPPER=/usr/lib/gcc/x86_64-linux-gnu/8/lto-wrapper
OFFLOAD_TARGET_NAMES=nvptx-none
OFFLOAD_TARGET_DEFAULT=1
Target: x86_64-linux-gnu
Configured with: ../src/configure -v --with-pkgversion='Debian 8.3.0-6' --with-bugurl=file:///usr/share/doc/gcc-8/README.Bugs --enable-languages=c,ada,c++,go,brig,d,fortran,objc,obj-c++ --prefix=/usr --with-gcc-major-version-only --program-suffix=-8 --program-prefix=x86_64-linux-gnu- --enable-shared --enable-linker-build-id --libexecdir=/usr/lib --without-included-gettext --enable-threads=posix --libdir=/usr/lib --enable-nls --enable-bootstrap --enable-clocale=gnu --enable-libstdcxx-debug --enable-libstdcxx-time=yes --with-default-libstdcxx-abi=new --enable-gnu-unique-object --disable-vtable-verify --enable-libmpx --enable-plugin --enable-default-pie --with-system-zlib --with-target-system-zlib --enable-objc-gc=auto --enable-multiarch --disable-werror --with-arch-32=i686 --with-abi=m64 --with-multilib-list=m32,m64,mx32 --enable-multilib --with-tune=generic --enable-offload-targets=nvptx-none --without-cuda-driver --enable-checking=release --build=x86_64-linux-gnu --host=x86_64-linux-gnu --target=x86_64-linux-gnu
Thread model: posix
gcc version 8.3.0 (Debian 8.3.0-6) 
configure:3107: $? = 0
configure:3114: gcc -V >&5
gcc: error: unrecognized command line option '-V'
gcc: fatal error: no input files
compilation terminated.
configure:3117: $? = 1
configure:3140: checking for C compiler default output file name
configure:3167: gcc    conftest.c  >&5
configure:3170: $? = 0
configure:3208: result: a.out
configure:3225: checking whether the C compiler works
configure:3235: ./a.out
configure:3238: $? = 0
configure:3255: result: yes
configure:3262: checking whether we are cross compiling
configure:3264: result: no
configure:3267: checking for suffix of executables
configure:3274: gcc -o conftest    conftest.c  >&5
configure:3277: $? = 0
configure:3301: result: 
configure:3307: checking for suffix of object files
configure:3333: gcc -c   conftest.c >&5
configure:3336: $? = 0
configure:3359: result: o
configure:3363: checking whether we are using the GNU C compiler
configure:3392: gcc -c   conftest.c >&5
configure:3398: $? = 0
configure:3415: result: yes
configure:3420: checking whether gcc accepts -g
configure:3450: gcc -c -g  conftest.c >&5
configure:3456: $? = 0
configure:3555: result: yes
configure:3572: checking for gcc option to accept ISO C89
configure:3646: gcc  -c -g -O2  conftest.c >&5
configure:3652: $? = 0
configure:3675: result: none needed
configure:3695: checking dependency style of gcc
configure:3786: result: gcc3
configure:3801: checking for a sed that does not truncate output
configure:3857: result: /usr/bin/sed
configure:3860: checking for grep that handles long lines and -e
configure:3934: result: /usr/bin/grep
configure:3939: checking for egrep
configure:4017: result: /usr/bin/grep -E
configure:4033: checking for ld used by gcc
configure:4100: result: /usr/bin/ld
configure:4109: checking if the linker (/usr/bin/ld) is GNU ld
configure:4124: result: yes
configure:4129: checking for /usr/bin/ld option to reload object files
configure:4136: result: -r
configure:4154: checking for BSD-compatible nm
configure:4203: result: /usr/bin/nm -B
configure:4207: checking whether ln -s works
configure:4211: result: yes
configure:4218: checking how to recognize dependent libraries
configure:4404: result: pass_all
configure:4493: gcc -c -g -O2  conftest.c >&5
configure:4496: $? = 0
configure:4645: checking how to run the C preprocessor
configure:4685: gcc -E  conftest.c
configure:4691: $? = 0
configure:4722: gcc -E  conftest.c
conftest.c:10:10: fatal error: ac_nonexistent.h: No such file or directory
 #include <ac_nonexistent.h>
          ^~~~~~~~~~~~~~~~~~
compilation terminated.
configure:4728: $? = 1
configure: failed program was:
| /* confdefs.h.  */
| #define PACKAGE_NAME ""
| #define PACKAGE_TARNAME ""
| #define PACKAGE_VERSION ""
| #define PACKAGE_STRING ""
| #define PACKAGE_BUGREPORT ""
| #define PACKAGE "vi"
| #define VERSION "1.81.6"
| /* end confdefs.h.  */
| #include <ac_nonexistent.h>
configure:4761: result: gcc -E
configure:4790: gcc -E  conftest.c
configure:4796: $? = 0
configure:4827: gcc -E  conftest.c
conftest.c:10:10: fatal error: ac_nonexistent.h: No such file or directory
 #include <ac_nonexistent.h>
          ^~~~~~~~~~~~~~~~~~
compilation terminated.
configure:4833: $? = 1
configure: failed program was:
| /* confdefs.h.  */
| #define PACKAGE_NAME ""
| #define PACKAGE_TARNAME ""
| #define PACKAGE_VERSION ""
| #define PACKAGE_STRING ""
| #define PACKAGE_BUGREPORT ""
| #define PACKAGE "vi"
| #define VERSION "1.81.6"
| /* end confdefs.h.  */
| #include <ac_nonexistent.h>
configure:4871: checking for ANSI C header files
configure:4901: gcc -c -g -O2  conftest.c >&5
configure:4907: $? = 0
configure:5006: gcc -o conftest -g -O2   conftest.c  >&5
configure:5009: $? = 0
configure:5015: ./conftest
configure:5018: $? = 0
configure:5035: result: yes
configure:5059: checking for sys/types.h
configure:5080: gcc -c -g -O2  conftest.c >&5
configure:5086: $? = 0
configure:5102: result: yes
configure:5059: checking for sys/stat.h
configure:5080: gcc -c -g -O2  conftest.c >&5
configure:5086: $? = 0
configure:5102: result: yes
configure:5059: checking for stdlib.h
configure:5080: gcc -c -g -O2  conftest.c >&5
configure:5086: $? = 0
configure:5102: result: yes
configure:5059: checking for string.h
configure:5080: gcc -c -g -O2  conftest.c >&5
configure:5086: $? = 0
configure:5102: result: yes
configure:5059: checking for memory.h
configure:5080: gcc -c -g -O2  conftest.c >&5
configure:5086: $? = 0
configure:5102: result: yes
configure:5059: checking for strings.h
configure:5080: gcc -c -g -O2  conftest.c >&5
configure:5086: $? = 0
configure:5102: result: yes
configure:5059: checking for inttypes.h
configure:5080: gcc -c -g -O2  conftest.c >&5
configure:5086: $? = 0
configure:5102: result: yes
configure:5059: checking for stdint.h
configure:5080: gcc -c -g -O2  conftest.c >&5
configure:5086: $? = 0
configure:5102: result: yes
configure:5059: checking for unistd.h
configure:5080: gcc -c -g -O2  conftest.c >&5
configure:5086: $? = 0
configure:5102: result: yes
configure:5129: checking dlfcn.h usability
configure:5146: gcc -c -g -O2  conftest.c >&5
configure:5152: $? = 0
configure:5166: result: yes
configure:5170: checking dlfcn.h presence
configure:5185: gcc -E  conftest.c
configure:5191: $? = 0
configure:5205: result: yes
configure:5233: checking for dlfcn.h
configure:5241: result: yes
configure:5312: checking for g++
configure:5328: found /usr/bin/g++
configure:5339: result: g++
configure:5370: checking for C++ compiler version
configure:5377: g++ --version >&5
g++ (Debian 8.3.0-6) 8.3.0
Copyright (C) 2018 Free Software Foundation, Inc.
This is free software; see the source for copying conditions.  There is NO
warranty; not even for MERCHANTABILITY or FITNESS FOR A PARTICULAR PURPOSE.

configure:5380: $? = 0
configure:5387: g++ -v >&5
Using built-in specs.
COLLECT_GCC=g++
COLLECT_LTO_WRAPPER=/usr/lib/gcc/x86_64-linux-gnu/8/lto-wrapper
OFFLOAD_TARGET_NAMES=nvptx-none
OFFLOAD_TARGET_DEFAULT=1
Target: x86_64-linux-gnu
Configured with: ../src/configure -v --with-pkgversion='Debian 8.3.0-6' --with-bugurl=file:///usr/share/doc/gcc-8/README.Bugs --enable-languages=c,ada,c++,go,brig,d,fortran,objc,obj-c++ --prefix=/usr --with-gcc-major-version-only --program-suffix=-8 --program-prefix=x86_64-linux-gnu- --enable-shared --enable-linker-build-id --libexecdir=/usr/lib --without-included-gettext --enable-threads=posix --libdir=/usr/lib --enable-nls --enable-bootstrap --enable-clocale=gnu --enable-libstdcxx-debug --enable-libstdcxx-time=yes --with-default-libstdcxx-abi=new --enable-gnu-unique-object --disable-vtable-verify --enable-libmpx --enable-plugin --enable-default-pie --with-system-zlib --with-target-system-zlib --enable-objc-gc=auto --enable-multiarch --disable-werror --with-arch-32=i686 --with-abi=m64 --with-multilib-list=m32,m64,mx32 --enable-multilib --with-tune=generic --enable-offload-targets=nvptx-none --without-cuda-driver --enable-checking=release --build=x86_64-linux-gnu --host=x86_64-linux-gnu --target=x86_64-linux-gnu
Thread model: posix
gcc version 8.3.0 (Debian 8.3.0-6) 
configure:5390: $? = 0
configure:5397: g++ -V >&5
g++: error: unrecognized command line option '-V'
g++: fatal error: no input files
compilation terminated.
configure:5400: $? = 1
configure:5403: checking whether we are using the GNU C++ compiler
configure:5432: g++ -c   conftest.cpp >&5
configure:5438: $? = 0
configure:5455: result: yes
configure:5460: checking whether g++ accepts -g
configure:5490: g++ -c -g  conftest.cpp >&5
configure:5496: $? = 0
configure:5595: result: yes
configure:5620: checking dependency style of g++
configure:5711: result: gcc3
configure:5736: checking how to run the C++ preprocessor
configure:5772: g++ -E  conftest.cpp
configure:5778: $? = 0
configure:5809: g++ -E  conftest.cpp
conftest.cpp:21:10: fatal error: ac_nonexistent.h: No such file or directory
 #include <ac_nonexistent.h>
          ^~~~~~~~~~~~~~~~~~
compilation terminated.
configure:5815: $? = 1
configure: failed program was:
| /* confdefs.h.  */
| #define PACKAGE_NAME ""
| #define PACKAGE_TARNAME ""
| #define PACKAGE_VERSION ""
| #define PACKAGE_STRING ""
| #define PACKAGE_BUGREPORT ""
| #define PACKAGE "vi"
| #define VERSION "1.81.6"
| #define STDC_HEADERS 1
| #define HAVE_SYS_TYPES_H 1
| #define HAVE_SYS_STAT_H 1
| #define HAVE_STDLIB_H 1
| #define HAVE_STRING_H 1
| #define HAVE_MEMORY_H 1
| #define HAVE_STRINGS_H 1
| #define HAVE_INTTYPES_H 1
| #define HAVE_STDINT_H 1
| #define HAVE_UNISTD_H 1
| #define HAVE_DLFCN_H 1
| /* end confdefs.h.  */
| #include <ac_nonexistent.h>
configure:5848: result: g++ -E
configure:5877: g++ -E  conftest.cpp
configure:5883: $? = 0
configure:5914: g++ -E  conftest.cpp
conftest.cpp:21:10: fatal error: ac_nonexistent.h: No such file or directory
 #include <ac_nonexistent.h>
          ^~~~~~~~~~~~~~~~~~
compilation terminated.
configure:5920: $? = 1
configure: failed program was:
| /* confdefs.h.  */
| #define PACKAGE_NAME ""
| #define PACKAGE_TARNAME ""
| #define PACKAGE_VERSION ""
| #define PACKAGE_STRING ""
| #define PACKAGE_BUGREPORT ""
| #define PACKAGE "vi"
| #define VERSION "1.81.6"
| #define STDC_HEADERS 1
| #define HAVE_SYS_TYPES_H 1
| #define HAVE_SYS_STAT_H 1
| #define HAVE_STDLIB_H 1
| #define HAVE_STRING_H 1
| #define HAVE_MEMORY_H 1
| #define HAVE_STRINGS_H 1
| #define HAVE_INTTYPES_H 1
| #define HAVE_STDINT_H 1
| #define HAVE_UNISTD_H 1
| #define HAVE_DLFCN_H 1
| /* end confdefs.h.  */
| #include <ac_nonexistent.h>
configure:6013: checking for g77
configure:6043: result: no
configure:6013: checking for xlf
configure:6043: result: no
configure:6013: checking for f77
configure:6043: result: no
configure:6013: checking for frt
configure:6043: result: no
configure:6013: checking for pgf77
configure:6043: result: no
configure:6013: checking for cf77
configure:6043: result: no
configure:6013: checking for fort77
configure:6043: result: no
configure:6013: checking for fl32
configure:6043: result: no
configure:6013: checking for af77
configure:6043: result: no
configure:6013: checking for xlf90
configure:6043: result: no
configure:6013: checking for f90
configure:6043: result: no
configure:6013: checking for pgf90
configure:6043: result: no
configure:6013: checking for pghpf
configure:6043: result: no
configure:6013: checking for epcf90
configure:6043: result: no
configure:6013: checking for gfortran
configure:6043: result: no
configure:6013: checking for g95
configure:6043: result: no
configure:6013: checking for xlf95
configure:6043: result: no
configure:6013: checking for f95
configure:6043: result: no
configure:6013: checking for fort
configure:6043: result: no
configure:6013: checking for ifort
configure:6043: result: no
configure:6013: checking for ifc
configure:6043: result: no
configure:6013: checking for efc
configure:6043: result: no
configure:6013: checking for pgf95
configure:6043: result: no
configure:6013: checking for lf95
configure:6043: result: no
configure:6013: checking for ftn
configure:6043: result: no
configure:6070: checking for Fortran 77 compiler version
configure:6077:  --version >&5
../dist/configure: line 6078: --version: command not found
configure:6080: $? = 127
configure:6087:  -v >&5
../dist/configure: line 6088: -v: command not found
configure:6090: $? = 127
configure:6097:  -V >&5
../dist/configure: line 6098: -V: command not found
configure:6100: $? = 127
configure:6108: checking whether we are using the GNU Fortran 77 compiler
configure:6127:  -c  conftest.F >&5
../dist/configure: line 6128: -c: command not found
configure:6133: $? = 127
configure: failed program was:
|       program main
| #ifndef __GNUC__
|        choke me
| #endif
| 
|       end
configure:6150: result: no
configure:6156: checking whether  accepts -g
configure:6173:  -c -g conftest.f >&5
../dist/configure: line 6174: -c: command not found
configure:6179: $? = 127
configure: failed program was:
|       program main
| 
|       end
configure:6195: result: no
configure:6225: checking the maximum length of command line arguments
configure:6337: result: 1572864
configure:6349: checking command to parse /usr/bin/nm -B output from gcc object
configure:6454: gcc -c -g -O2  conftest.c >&5
configure:6457: $? = 0
configure:6461: /usr/bin/nm -B conftest.o \| sed -n -e 's/^.*[ 	]\([ABCDGIRSTW][ABCDGIRSTW]*\)[ 	][ 	]*\([_A-Za-z][_A-Za-z0-9]*\)$/\1 \2 \2/p' \> conftest.nm
configure:6464: $? = 0
configure:6516: gcc -o conftest -g -O2   conftest.c conftstm.o >&5
configure:6519: $? = 0
configure:6557: result: ok
configure:6561: checking for objdir
configure:6576: result: .libs
configure:6668: checking for ar
configure:6684: found /usr/bin/ar
configure:6695: result: ar
configure:6764: checking for ranlib
configure:6780: found /usr/bin/ranlib
configure:6791: result: ranlib
configure:6860: checking for strip
configure:6876: found /usr/bin/strip
configure:6887: result: strip
configure:7173: checking if gcc supports -fno-rtti -fno-exceptions
configure:7196: gcc -c -g -O2  -fno-rtti -fno-exceptions conftest.c >&5
cc1: warning: command line option '-fno-rtti' is valid for C++/ObjC++ but not for C
configure:7200: $? = 0
configure:7208: result: no
configure:7198: checking for gcc option to produce PIC
configure:7430: result: -fPIC
configure:7438: checking if gcc PIC flag -fPIC works
configure:7486: gcc -c -g -O2  -fPIC -DPIC conftest.c >&5
configure:7490: $? = 0
configure:7473: result: yes
configure:7472: checking if gcc static flag -static works
configure:7500: result: yes
configure:7510: checking if gcc supports -c -o file.o
configure:7590: gcc -c -g -O2  -o out/conftest2.o conftest.c >&5
configure:7594: $? = 0
configure:7533: result: yes
configure:7559: checking whether the gcc linker (/usr/bin/ld -m elf_x86_64) supports shared libraries
configure:8539: result: yes
configure:8560: checking whether -lc should be explicitly linked in
configure:8565: gcc -c -g -O2  conftest.c >&5
configure:8568: $? = 0
configure:8583: gcc -shared conftest.o  -v -Wl,-soname -Wl,conftest -o conftest 2\>\&1 \| grep  -lc  \>/dev/null 2\>\&1
configure:8586: $? = 0
configure:8598: result: no
configure:8606: checking dynamic linker characteristics
configure:9208: result: GNU/Linux ld.so
configure:9217: checking how to hardcode library paths into programs
configure:9242: result: immediate
configure:9256: checking whether stripping libraries is possible
configure:9261: result: yes
configure:10063: checking if libtool supports shared libraries
configure:10065: result: yes
configure:10068: checking whether to build shared libraries
configure:10089: result: yes
configure:10092: checking whether to build static libraries
configure:10096: result: yes
configure:10189: creating libtool
configure:10777: checking for ld used by g++
configure:10844: result: /usr/bin/ld -m elf_x86_64
configure:10853: checking if the linker (/usr/bin/ld -m elf_x86_64) is GNU ld
configure:10868: result: yes
configure:10919: checking whether the g++ linker (/usr/bin/ld -m elf_x86_64) supports shared libraries
configure:11893: result: yes
configure:11911: g++ -c -g -O2  conftest.cpp >&5
configure:11914: $? = 0
configure:12066: checking for g++ option to produce PIC
configure:12350: result: -fPIC
configure:12358: checking if g++ PIC flag -fPIC works
configure:12459: g++ -c -g -O2  -fPIC -DPIC conftest.cpp >&5
configure:12463: $? = 0
configure:12393: result: yes
configure:12421: checking if g++ static flag -static works
configure:12449: result: yes
configure:12459: checking if g++ supports -c -o file.o
configure:12563: g++ -c -g -O2  -o out/conftest2.o conftest.cpp >&5
configure:12567: $? = 0
configure:12506: result: yes
configure:12532: checking whether the g++ linker (/usr/bin/ld -m elf_x86_64) supports shared libraries
configure:12557: result: yes
configure:12624: checking dynamic linker characteristics
configure:13174: result: GNU/Linux ld.so
configure:13183: checking how to hardcode library paths into programs
configure:13208: result: immediate
configure:19380: checking if --enable-debug option specified
configure:19389: result: no
configure:20277: checking for gcc
configure:20304: result: gcc
configure:20542: checking for C compiler version
configure:20549: gcc --version >&5
gcc (Debian 8.3.0-6) 8.3.0
Copyright (C) 2018 Free Software Foundation, Inc.
This is free software; see the source for copying conditions.  There is NO
warranty; not even for MERCHANTABILITY or FITNESS FOR A PARTICULAR PURPOSE.

configure:20552: $? = 0
configure:20559: gcc -v >&5
Using built-in specs.
COLLECT_GCC=gcc
COLLECT_LTO_WRAPPER=/usr/lib/gcc/x86_64-linux-gnu/8/lto-wrapper
OFFLOAD_TARGET_NAMES=nvptx-none
OFFLOAD_TARGET_DEFAULT=1
Target: x86_64-linux-gnu
Configured with: ../src/configure -v --with-pkgversion='Debian 8.3.0-6' --with-bugurl=file:///usr/share/doc/gcc-8/README.Bugs --enable-languages=c,ada,c++,go,brig,d,fortran,objc,obj-c++ --prefix=/usr --with-gcc-major-version-only --program-suffix=-8 --program-prefix=x86_64-linux-gnu- --enable-shared --enable-linker-build-id --libexecdir=/usr/lib --without-included-gettext --enable-threads=posix --libdir=/usr/lib --enable-nls --enable-bootstrap --enable-clocale=gnu --enable-libstdcxx-debug --enable-libstdcxx-time=yes --with-default-libstdcxx-abi=new --enable-gnu-unique-object --disable-vtable-verify --enable-libmpx --enable-plugin --enable-default-pie --with-system-zlib --with-target-system-zlib --enable-objc-gc=auto --enable-multiarch --disable-werror --with-arch-32=i686 --with-abi=m64 --with-multilib-list=m32,m64,mx32 --enable-multilib --with-tune=generic --enable-offload-targets=nvptx-none --without-cuda-driver --enable-checking=release --build=x86_64-linux-gnu --host=x86_64-linux-gnu --target=x86_64-linux-gnu
Thread model: posix
gcc version 8.3.0 (Debian 8.3.0-6) 
configure:20562: $? = 0
configure:20569: gcc -V >&5
gcc: error: unrecognized command line option '-V'
gcc: fatal error: no input files
compilation terminated.
configure:20572: $? = 1
configure:20575: checking whether we are using the GNU C compiler
configure:20627: result: yes
configure:20632: checking whether gcc accepts -g
configure:20767: result: yes
configure:20784: checking for gcc option to accept ISO C89
configure:20887: result: none needed
configure:20907: checking dependency style of gcc
configure:20998: result: gcc3
configure:21049: checking whether recording of pathnames of libraries is enabled
configure:21058: result: yes
configure:21067: checking if --enable-trace option specified
configure:21079: result: no
configure:21092: checking for sh
configure:21110: found /usr/bin/sh
configure:21123: result: /usr/bin/sh
configure:21139: checking for sendmail
configure:21157: found /usr/sbin/sendmail
configure:21170: result: /usr/sbin/sendmail
configure:21190: checking for perl5
configure:21223: result: no
configure:21190: checking for perl
configure:21208: found /usr/bin/perl
configure:21220: result: /usr/bin/perl
configure:21234: checking for preserve directory
configure:21263: result: /var/tmp/vi.recover
configure:21267: checking for fuser
configure:21285: found /usr/bin/fuser
configure:21298: result: /usr/bin/fuser
configure:21308: checking for lsof
configure:21326: found /usr/bin/lsof
configure:21339: result: /usr/bin/lsof
configure:21360: checking for gawk
configure:21387: result: gawk
configure:21400: checking for ar
configure:21418: found /usr/bin/ar
configure:21431: result: /usr/bin/ar
configure:21441: checking for chmod
configure:21459: found /usr/bin/chmod
configure:21472: result: /usr/bin/chmod
configure:21482: checking for cp
configure:21500: found /usr/bin/cp
configure:21513: result: /usr/bin/cp
configure:21523: checking for ln
configure:21541: found /usr/bin/ln
configure:21554: result: /usr/bin/ln
configure:21564: checking for mkdir
configure:21582: found /usr/bin/mkdir
configure:21595: result: /usr/bin/mkdir
configure:21605: checking for rm
configure:21623: found /usr/bin/rm
configure:21636: result: /usr/bin/rm
configure:21646: checking for ranlib
configure:21664: found /usr/bin/ranlib
configure:21677: result: /usr/bin/ranlib
configure:21687: checking for strip
configure:21705: found /usr/bin/strip
configure:21718: result: /usr/bin/strip
configure:21727: checking for X
configure:21842: gcc -E   conftest.c
configure:21848: $? = 0
configure:21897: gcc -o conftest -g -O2     conftest.c -lX11   >&5
configure:21903: $? = 0
configure:21962: result: libraries , headers 
configure:21979: checking if --enable-widechar option specified
configure:21994: result: no
configure:22007: checking langinfo.h usability
configure:22024: gcc -c -g -O2   conftest.c >&5
configure:22030: $? = 0
configure:22044: result: yes
configure:22048: checking langinfo.h presence
configure:22063: gcc -E   conftest.c
configure:22069: $? = 0
configure:22083: result: yes
configure:22111: checking for langinfo.h
configure:22118: result: yes
configure:22134: checking iconv.h usability
configure:22151: gcc -c -g -O2   conftest.c >&5
configure:22157: $? = 0
configure:22171: result: yes
configure:22175: checking iconv.h presence
configure:22190: gcc -E   conftest.c
configure:22196: $? = 0
configure:22210: result: yes
configure:22238: checking for iconv.h
configure:22245: result: yes
configure:22259: checking for iswblank
configure:22315: gcc -o conftest -g -O2     conftest.c   >&5
conftest.c:46:6: warning: conflicting types for built-in function 'iswblank' [-Wbuiltin-declaration-mismatch]
 char iswblank ();
      ^~~~~~~~
configure:22321: $? = 0
configure:22339: result: yes
configure:22370: checking if --enable-gtk option specified
configure:22379: result: no
configure:22887: checking if --enable-motif option specified
configure:22896: result: no
configure:23169: checking if --enable-threads option specified
configure:23178: result: no
configure:23248: checking if --enable-perlinterp option specified
configure:23257: result: no
configure:23371: checking if --enable-tclinterp option specified
configure:23380: result: no
configure:23503: checking for initscr in -lncurses
configure:23538: gcc -o conftest -g -O2       conftest.c -lncurses    >&5
configure:23544: $? = 0
configure:23563: result: yes
configure:23591: checking ncurses.h usability
configure:23608: gcc -c -g -O2    conftest.c >&5
configure:23614: $? = 0
configure:23628: result: yes
configure:23632: checking ncurses.h presence
configure:23647: gcc -E    conftest.c
configure:23653: $? = 0
configure:23667: result: yes
configure:23695: checking for ncurses.h
configure:23703: result: yes
configure:23872: checking for tgetent in -lncurses
configure:23907: gcc -o conftest -g -O2       conftest.c -lncurses    >&5
configure:23913: $? = 0
configure:23932: result: yes
configure:24086: checking for sys/mman.h
configure:24104: gcc -E   conftest.c
configure:24110: $? = 0
configure:24132: result: yes
configure:24135: checking for sys/select.h
configure:24153: gcc -E   conftest.c
configure:24159: $? = 0
configure:24181: result: yes
configure:24184: checking for ssize_t
configure:24214: gcc -c -g -O2   conftest.c >&5
configure:24220: $? = 0
configure:24235: result: yes
configure:24247: checking whether byte ordering is bigendian
configure:24280: gcc -c -g -O2   conftest.c >&5
configure:24286: $? = 0
configure:24318: gcc -c -g -O2   conftest.c >&5
conftest.c: In function 'main':
conftest.c:34:2: error: unknown type name 'not'; did you mean 'ino_t'?
  not big endian
  ^~~
  ino_t
conftest.c:34:10: error: expected '=', ',', ';', 'asm' or '__attribute__' before 'endian'
  not big endian
          ^~~~~~
configure:24324: $? = 1
configure: failed program was:
| /* confdefs.h.  */
| #define PACKAGE_NAME ""
| #define PACKAGE_TARNAME ""
| #define PACKAGE_VERSION ""
| #define PACKAGE_STRING ""
| #define PACKAGE_BUGREPORT ""
| #define PACKAGE "vi"
| #define VERSION "1.81.6"
| #define STDC_HEADERS 1
| #define HAVE_SYS_TYPES_H 1
| #define HAVE_SYS_STAT_H 1
| #define HAVE_STDLIB_H 1
| #define HAVE_STRING_H 1
| #define HAVE_MEMORY_H 1
| #define HAVE_STRINGS_H 1
| #define HAVE_INTTYPES_H 1
| #define HAVE_STDINT_H 1
| #define HAVE_UNISTD_H 1
| #define HAVE_DLFCN_H 1
| #define HAVE_GCC 1
| #define USE_ICONV 1
| #define HAVE_ISWBLANK 1
| #define HAVE_NCURSES_H 1
| #define HAVE_SYS_MMAN_H 1
| #define HAVE_SYS_SELECT_H 1
| /* end confdefs.h.  */
| #include <sys/types.h>
| #include <sys/param.h>
| 
| int
| main ()
| {
| #if BYTE_ORDER != BIG_ENDIAN
|  not big endian
| #endif
| 
|   ;
|   return 0;
| }
configure:24464: result: no
configure:24483: checking for an ANSI C-conforming const
configure:24558: gcc -c -g -O2   conftest.c >&5
configure:24564: $? = 0
configure:24579: result: yes
configure:24589: checking for struct stat.st_blksize
configure:24617: gcc -c -g -O2   conftest.c >&5
configure:24623: $? = 0
configure:24680: result: yes
configure:24696: checking for mode_t
configure:24726: gcc -c -g -O2   conftest.c >&5
configure:24732: $? = 0
configure:24747: result: yes
configure:24759: checking for off_t
configure:24789: gcc -c -g -O2   conftest.c >&5
configure:24795: $? = 0
configure:24810: result: yes
configure:24822: checking for pid_t
configure:24852: gcc -c -g -O2   conftest.c >&5
configure:24858: $? = 0
configure:24873: result: yes
configure:24885: checking for size_t
configure:24915: gcc -c -g -O2   conftest.c >&5
configure:24921: $? = 0
configure:24936: result: yes
configure:24948: checking whether struct tm is in sys/time.h or time.h
configure:24978: gcc -c -g -O2   conftest.c >&5
configure:24984: $? = 0
configure:24999: result: time.h
configure:25017: checking for bsearch
configure:25073: gcc -o conftest -g -O2     conftest.c   >&5
configure:25079: $? = 0
configure:25097: result: yes
configure:25017: checking for gethostname
configure:25073: gcc -o conftest -g -O2     conftest.c   >&5
configure:25079: $? = 0
configure:25097: result: yes
configure:25017: checking for memchr
configure:25073: gcc -o conftest -g -O2     conftest.c   >&5
conftest.c:54:6: warning: conflicting types for built-in function 'memchr' [-Wbuiltin-declaration-mismatch]
 char memchr ();
      ^~~~~~
configure:25079: $? = 0
configure:25097: result: yes
configure:25017: checking for memset
configure:25073: gcc -o conftest -g -O2     conftest.c   >&5
conftest.c:55:6: warning: conflicting types for built-in function 'memset' [-Wbuiltin-declaration-mismatch]
 char memset ();
      ^~~~~~
configure:25079: $? = 0
configure:25097: result: yes
configure:25122: checking for mkstemp
configure:25178: gcc -o conftest -g -O2     conftest.c   >&5
configure:25184: $? = 0
configure:25202: result: yes
configure:25122: checking for mmap
configure:25178: gcc -o conftest -g -O2     conftest.c   >&5
configure:25184: $? = 0
configure:25202: result: yes
configure:25122: checking for strdup
configure:25178: gcc -o conftest -g -O2     conftest.c   >&5
conftest.c:58:6: warning: conflicting types for built-in function 'strdup' [-Wbuiltin-declaration-mismatch]
 char strdup ();
      ^~~~~~
configure:25184: $? = 0
configure:25202: result: yes
configure:25122: checking for strpbrk
configure:25178: gcc -o conftest -g -O2     conftest.c   >&5
conftest.c:59:6: warning: conflicting types for built-in function 'strpbrk' [-Wbuiltin-declaration-mismatch]
 char strpbrk ();
      ^~~~~~~
configure:25184: $? = 0
configure:25202: result: yes
configure:25225: checking for snprintf
configure:25281: gcc -o conftest -g -O2     conftest.c   >&5
conftest.c:60:6: warning: conflicting types for built-in function 'snprintf' [-Wbuiltin-declaration-mismatch]
 char snprintf ();
      ^~~~~~~~
configure:25287: $? = 0
configure:25305: result: yes
configure:25225: checking for vsnprintf
configure:25281: gcc -o conftest -g -O2     conftest.c   >&5
conftest.c:61:6: warning: conflicting types for built-in function 'vsnprintf' [-Wbuiltin-declaration-mismatch]
 char vsnprintf ();
      ^~~~~~~~~
configure:25287: $? = 0
configure:25305: result: yes
configure:25328: checking for select
configure:25384: gcc -o conftest -g -O2     conftest.c   >&5
configure:25390: $? = 0
configure:25408: result: yes
configure:25422: checking for setenv
configure:25478: gcc -o conftest -g -O2     conftest.c   >&5
configure:25484: $? = 0
configure:25502: result: yes
configure:25518: checking for strsep
configure:25574: gcc -o conftest -g -O2     conftest.c   >&5
configure:25580: $? = 0
configure:25598: result: yes
configure:25614: checking for unsetenv
configure:25670: gcc -o conftest -g -O2     conftest.c   >&5
configure:25676: $? = 0
configure:25694: result: yes
configure:25713: checking for stdlib.h
configure:25719: result: yes
configure:25713: checking for unistd.h
configure:25719: result: yes
configure:25852: checking for getpagesize
configure:25908: gcc -o conftest -g -O2     conftest.c   >&5
configure:25914: $? = 0
configure:25932: result: yes
configure:25942: checking for working mmap
configure:26089: gcc -o conftest -g -O2     conftest.c   >&5
configure:26092: $? = 0
configure:26098: ./conftest
configure:26101: $? = 0
configure:26117: result: yes
configure:26143: checking vfork.h usability
configure:26160: gcc -c -g -O2   conftest.c >&5
conftest.c:80:10: fatal error: vfork.h: No such file or directory
 #include <vfork.h>
          ^~~~~~~~~
compilation terminated.
configure:26166: $? = 1
configure: failed program was:
| /* confdefs.h.  */
| #define PACKAGE_NAME ""
| #define PACKAGE_TARNAME ""
| #define PACKAGE_VERSION ""
| #define PACKAGE_STRING ""
| #define PACKAGE_BUGREPORT ""
| #define PACKAGE "vi"
| #define VERSION "1.81.6"
| #define STDC_HEADERS 1
| #define HAVE_SYS_TYPES_H 1
| #define HAVE_SYS_STAT_H 1
| #define HAVE_STDLIB_H 1
| #define HAVE_STRING_H 1
| #define HAVE_MEMORY_H 1
| #define HAVE_STRINGS_H 1
| #define HAVE_INTTYPES_H 1
| #define HAVE_STDINT_H 1
| #define HAVE_UNISTD_H 1
| #define HAVE_DLFCN_H 1
| #define HAVE_GCC 1
| #define USE_ICONV 1
| #define HAVE_ISWBLANK 1
| #define HAVE_NCURSES_H 1
| #define HAVE_SYS_MMAN_H 1
| #define HAVE_SYS_SELECT_H 1
| #define HAVE_STRUCT_STAT_ST_BLKSIZE 1
| #define HAVE_ST_BLKSIZE 1
| #define HAVE_BSEARCH 1
| #define HAVE_GETHOSTNAME 1
| #define HAVE_MEMCHR 1
| #define HAVE_MEMSET 1
| #define HAVE_MKSTEMP 1
| #define HAVE_MMAP 1
| #define HAVE_STRDUP 1
| #define HAVE_STRPBRK 1
| #define HAVE_SNPRINTF 1
| #define HAVE_VSNPRINTF 1
| #define HAVE_SELECT 1
| #define HAVE_SETENV 1
| #define HAVE_STRSEP 1
| #define HAVE_UNSETENV 1
| #define HAVE_STDLIB_H 1
| #define HAVE_UNISTD_H 1
| #define HAVE_GETPAGESIZE 1
| #define HAVE_MMAP 1
| /* end confdefs.h.  */
| #include <stdio.h>
| #ifdef HAVE_SYS_TYPES_H
| # include <sys/types.h>
| #endif
| #ifdef HAVE_SYS_STAT_H
| # include <sys/stat.h>
| #endif
| #ifdef STDC_HEADERS
| # include <stdlib.h>
| # include <stddef.h>
| #else
| # ifdef HAVE_STDLIB_H
| #  include <stdlib.h>
| # endif
| #endif
| #ifdef HAVE_STRING_H
| # if !defined STDC_HEADERS && defined HAVE_MEMORY_H
| #  include <memory.h>
| # endif
| # include <string.h>
| #endif
| #ifdef HAVE_STRINGS_H
| # include <strings.h>
| #endif
| #ifdef HAVE_INTTYPES_H
| # include <inttypes.h>
| #endif
| #ifdef HAVE_STDINT_H
| # include <stdint.h>
| #endif
| #ifdef HAVE_UNISTD_H
| # include <unistd.h>
| #endif
| #include <vfork.h>
configure:26180: result: no
configure:26184: checking vfork.h presence
configure:26199: gcc -E   conftest.c
conftest.c:47:10: fatal error: vfork.h: No such file or directory
 #include <vfork.h>
          ^~~~~~~~~
compilation terminated.
configure:26205: $? = 1
configure: failed program was:
| /* confdefs.h.  */
| #define PACKAGE_NAME ""
| #define PACKAGE_TARNAME ""
| #define PACKAGE_VERSION ""
| #define PACKAGE_STRING ""
| #define PACKAGE_BUGREPORT ""
| #define PACKAGE "vi"
| #define VERSION "1.81.6"
| #define STDC_HEADERS 1
| #define HAVE_SYS_TYPES_H 1
| #define HAVE_SYS_STAT_H 1
| #define HAVE_STDLIB_H 1
| #define HAVE_STRING_H 1
| #define HAVE_MEMORY_H 1
| #define HAVE_STRINGS_H 1
| #define HAVE_INTTYPES_H 1
| #define HAVE_STDINT_H 1
| #define HAVE_UNISTD_H 1
| #define HAVE_DLFCN_H 1
| #define HAVE_GCC 1
| #define USE_ICONV 1
| #define HAVE_ISWBLANK 1
| #define HAVE_NCURSES_H 1
| #define HAVE_SYS_MMAN_H 1
| #define HAVE_SYS_SELECT_H 1
| #define HAVE_STRUCT_STAT_ST_BLKSIZE 1
| #define HAVE_ST_BLKSIZE 1
| #define HAVE_BSEARCH 1
| #define HAVE_GETHOSTNAME 1
| #define HAVE_MEMCHR 1
| #define HAVE_MEMSET 1
| #define HAVE_MKSTEMP 1
| #define HAVE_MMAP 1
| #define HAVE_STRDUP 1
| #define HAVE_STRPBRK 1
| #define HAVE_SNPRINTF 1
| #define HAVE_VSNPRINTF 1
| #define HAVE_SELECT 1
| #define HAVE_SETENV 1
| #define HAVE_STRSEP 1
| #define HAVE_UNSETENV 1
| #define HAVE_STDLIB_H 1
| #define HAVE_UNISTD_H 1
| #define HAVE_GETPAGESIZE 1
| #define HAVE_MMAP 1
| /* end confdefs.h.  */
| #include <vfork.h>
configure:26219: result: no
configure:26247: checking for vfork.h
configure:26255: result: no
configure:26273: checking for fork
configure:26329: gcc -o conftest -g -O2     conftest.c   >&5
conftest.c:70:6: warning: conflicting types for built-in function 'fork' [-Wbuiltin-declaration-mismatch]
 char fork ();
      ^~~~
configure:26335: $? = 0
configure:26353: result: yes
configure:26273: checking for vfork
configure:26329: gcc -o conftest -g -O2     conftest.c   >&5
configure:26335: $? = 0
configure:26353: result: yes
configure:26364: checking for working fork
configure:26396: gcc -o conftest -g -O2     conftest.c   >&5
configure:26399: $? = 0
configure:26405: ./conftest
configure:26408: $? = 0
configure:26424: result: yes
configure:26445: checking for working vfork
configure:26583: result: yes
configure:26623: checking for fcntl/flock
configure:26654: gcc -o conftest -g -O2     conftest.c   >&5
conftest.c: In function 'main':
conftest.c:55:1: warning: implicit declaration of function 'flock'; did you mean 'lockf'? [-Wimplicit-function-declaration]
 flock(0, 0);
 ^~~~~
 lockf
configure:26660: $? = 0
configure:26737: result: flock
configure:26740: checking for ftruncate/chsize
configure:26766: gcc -o conftest -g -O2     conftest.c   >&5
configure:26772: $? = 0
configure:26849: result: ftruncate
configure:26858: checking for tigetstr/tigetnum
configure:26884: gcc -o conftest -g -O2       conftest.c -lncurses    >&5
configure:26890: $? = 0
configure:26914: result: yes
configure:26931: checking for waddnstr
configure:26957: gcc -o conftest -g -O2       conftest.c -lncurses    >&5
configure:26963: $? = 0
configure:26987: result: yes
configure:26990: checking for beep
configure:27016: gcc -o conftest -g -O2       conftest.c -lncurses    >&5
configure:27022: $? = 0
configure:27046: result: yes
configure:27049: checking for flash
configure:27075: gcc -o conftest -g -O2       conftest.c -lncurses    >&5
configure:27081: $? = 0
configure:27105: result: yes
configure:27108: checking for idlok
configure:27134: gcc -o conftest -g -O2       conftest.c -lncurses    >&5
configure:27140: $? = 0
configure:27164: result: yes
configure:27167: checking for keypad
configure:27193: gcc -o conftest -g -O2       conftest.c -lncurses    >&5
configure:27199: $? = 0
configure:27223: result: yes
configure:27226: checking for newterm
configure:27252: gcc -o conftest -g -O2       conftest.c -lncurses    >&5
configure:27258: $? = 0
configure:27282: result: yes
configure:27293: checking for setupterm
configure:27319: gcc -o conftest -g -O2       conftest.c -lncurses    >&5
conftest.c: In function 'main':
conftest.c:64:1: warning: implicit declaration of function 'setupterm'; did you mean 'set_term'? [-Wimplicit-function-declaration]
 setupterm(0, 0, 0);
 ^~~~~~~~~
 set_term
configure:27325: $? = 0
configure:27349: result: yes
configure:27355: checking for broken gettimeofday system call
configure:27382: gcc -o conftest -g -O2     conftest.c   >&5
configure:27388: $? = 0
configure:27412: result: okay
configure:27415: checking for System V pty calls
configure:27441: gcc -o conftest -g -O2     conftest.c   >&5
conftest.c: In function 'main':
conftest.c:65:1: warning: implicit declaration of function 'grantpt' [-Wimplicit-function-declaration]
 grantpt(0);
 ^~~~~~~
configure:27447: $? = 0
configure:27471: result: yes
configure:27474: checking for revoke system call
configure:27500: gcc -o conftest -g -O2     conftest.c   >&5
conftest.c: In function 'main':
conftest.c:66:1: warning: implicit declaration of function 'revoke' [-Wimplicit-function-declaration]
 revoke("a");
 ^~~~~~
/usr/bin/ld: /tmp/ccMPD8k5.o: in function `main':
/home/syed/sr/nvi/build.unix/conftest.c:66: warning: revoke is not implemented and will always fail
configure:27506: $? = 0
configure:27530: result: yes
configure:27533: checking for int type sprintf return value
configure:27559: gcc -o conftest -g -O2     conftest.c   >&5
conftest.c:63:1: warning: return type defaults to 'int' [-Wimplicit-int]
 main(){char buf[20]; exit(sprintf(buf, "XXX") != 3);}
 ^~~~
conftest.c: In function 'main':
conftest.c:63:22: warning: implicit declaration of function 'exit' [-Wimplicit-function-declaration]
 main(){char buf[20]; exit(sprintf(buf, "XXX") != 3);}
                      ^~~~
conftest.c:63:22: warning: incompatible implicit declaration of built-in function 'exit'
conftest.c:63:22: note: include '<stdlib.h>' or provide a declaration of 'exit'
conftest.c:1:1:
+#include <stdlib.h>
 /* confdefs.h.  */
conftest.c:63:22:
 main(){char buf[20]; exit(sprintf(buf, "XXX") != 3);}
                      ^~~~
conftest.c:63:27: warning: implicit declaration of function 'sprintf' [-Wimplicit-function-declaration]
 main(){char buf[20]; exit(sprintf(buf, "XXX") != 3);}
                           ^~~~~~~
conftest.c:63:27: warning: incompatible implicit declaration of built-in function 'sprintf'
conftest.c:63:27: note: include '<stdio.h>' or provide a declaration of 'sprintf'
conftest.c:1:1:
+#include <stdio.h>
 /* confdefs.h.  */
conftest.c:63:27:
 main(){char buf[20]; exit(sprintf(buf, "XXX") != 3);}
                           ^~~~~~~
configure:27562: $? = 0
configure:27568: ./conftest
configure:27571: $? = 0
configure:27594: result: yes
configure:27599: checking for u_char
configure:27625: gcc -c -g -O2   conftest.c >&5
configure:27631: $? = 0
configure:27646: result: yes
configure:27653: checking for u_short
configure:27679: gcc -c -g -O2   conftest.c >&5
configure:27685: $? = 0
configure:27700: result: yes
configure:27707: checking for u_int
configure:27733: gcc -c -g -O2   conftest.c >&5
configure:27739: $? = 0
configure:27754: result: yes
configure:27761: checking for u_long
configure:27787: gcc -c -g -O2   conftest.c >&5
configure:27793: $? = 0
configure:27808: result: yes
configure:27815: checking for u_int8_t
configure:27841: gcc -c -g -O2   conftest.c >&5
configure:27847: $? = 0
configure:27909: result: yes
configure:27921: checking for u_int16_t
configure:27947: gcc -c -g -O2   conftest.c >&5
configure:27953: $? = 0
configure:28062: result: yes
configure:28074: checking for int16_t
configure:28100: gcc -c -g -O2   conftest.c >&5
configure:28106: $? = 0
configure:28215: result: yes
configure:28227: checking for u_int32_t
configure:28253: gcc -c -g -O2   conftest.c >&5
configure:28259: $? = 0
configure:28368: result: yes
configure:28380: checking for int32_t
configure:28406: gcc -c -g -O2   conftest.c >&5
configure:28412: $? = 0
configure:28521: result: yes
configure:28532: checking return type of fprintf
configure:28560: gcc -c -g -O2   conftest.c >&5
conftest.c:64:5: error: conflicting types for 'fprintf'
 int fprintf ();
     ^~~~~~~
conftest.c:64:1: note: a parameter list with an ellipsis can't match an empty parameter name list declaration
 int fprintf ();
 ^~~
In file included from conftest.c:63:
/usr/include/stdio.h:326:12: note: previous declaration of 'fprintf' was here
 extern int fprintf (FILE *__restrict __stream,
            ^~~~~~~
configure:28566: $? = 1
configure: failed program was:
| /* confdefs.h.  */
| #define PACKAGE_NAME ""
| #define PACKAGE_TARNAME ""
| #define PACKAGE_VERSION ""
| #define PACKAGE_STRING ""
| #define PACKAGE_BUGREPORT ""
| #define PACKAGE "vi"
| #define VERSION "1.81.6"
| #define STDC_HEADERS 1
| #define HAVE_SYS_TYPES_H 1
| #define HAVE_SYS_STAT_H 1
| #define HAVE_STDLIB_H 1
| #define HAVE_STRING_H 1
| #define HAVE_MEMORY_H 1
| #define HAVE_STRINGS_H 1
| #define HAVE_INTTYPES_H 1
| #define HAVE_STDINT_H 1
| #define HAVE_UNISTD_H 1
| #define HAVE_DLFCN_H 1
| #define HAVE_GCC 1
| #define USE_ICONV 1
| #define HAVE_ISWBLANK 1
| #define HAVE_NCURSES_H 1
| #define HAVE_SYS_MMAN_H 1
| #define HAVE_SYS_SELECT_H 1
| #define HAVE_STRUCT_STAT_ST_BLKSIZE 1
| #define HAVE_ST_BLKSIZE 1
| #define HAVE_BSEARCH 1
| #define HAVE_GETHOSTNAME 1
| #define HAVE_MEMCHR 1
| #define HAVE_MEMSET 1
| #define HAVE_MKSTEMP 1
| #define HAVE_MMAP 1
| #define HAVE_STRDUP 1
| #define HAVE_STRPBRK 1
| #define HAVE_SNPRINTF 1
| #define HAVE_VSNPRINTF 1
| #define HAVE_SELECT 1
| #define HAVE_SETENV 1
| #define HAVE_STRSEP 1
| #define HAVE_UNSETENV 1
| #define HAVE_STDLIB_H 1
| #define HAVE_UNISTD_H 1
| #define HAVE_GETPAGESIZE 1
| #define HAVE_MMAP 1
| #define HAVE_FORK 1
| #define HAVE_VFORK 1
| #define HAVE_WORKING_VFORK 1
| #define HAVE_WORKING_FORK 1
| #define HAVE_LOCK_FLOCK 1
| #define HAVE_FTRUNCATE_FTRUNCATE 1
| #define HAVE_CURSES_TIGETSTR 1
| #define HAVE_CURSES_WADDNSTR 1
| #define HAVE_CURSES_BEEP 1
| #define HAVE_CURSES_FLASH 1
| #define HAVE_CURSES_IDLOK 1
| #define HAVE_CURSES_KEYPAD 1
| #define HAVE_CURSES_NEWTERM 1
| #define HAVE_CURSES_SETUPTERM 1
| #define HAVE_SYS5_PTY 1
| #define HAVE_REVOKE 1
| /* end confdefs.h.  */
| #include <stdio.h>
| int fprintf ();
| 
| int
| main ()
| {
| int i;
|   ;
|   return 0;
| }
configure:28581: result: void
configure:28585: checking fprintf prototype needed
configure:28613: gcc -c -g -O2   conftest.c >&5
configure:28619: $? = 0
configure:28634: result: no
configure:28702: gcc -o conftest -g -O2     conftest.c   -ldb >&5
configure:28708: $? = 0
configure:28735: checking if --enable-dynamic-loading option specified
configure:28744: result: no
configure:28946: checking if --disable-re option specified
configure:28959: result: bundled RE
configure:29098: creating ./config.status

## ---------------------- ##
## Running config.status. ##
## ---------------------- ##

This file was extended by config.status, which was
generated by GNU Autoconf 2.61.  Invocation command line was

  CONFIG_FILES    = 
  CONFIG_HEADERS  = 
  CONFIG_LINKS    = 
  CONFIG_COMMANDS = 
  $ ./config.status 

on hp-1

config.status:714: creating Makefile
config.status:714: creating port.h
config.status:714: creating pathnames.h
config.status:714: creating recover
config.status:714: creating config.h
config.status:984: config.h is unchanged
config.status:1030: executing depfiles commands

## ---------------- ##
## Cache variables. ##
## ---------------- ##

ac_cv_build=x86_64-unknown-linux-gnu
ac_cv_c_bigendian=no
ac_cv_c_compiler_gnu=yes
ac_cv_c_const=yes
ac_cv_cxx_compiler_gnu=yes
ac_cv_env_CCC_set=
ac_cv_env_CCC_value=
ac_cv_env_CC_set=
ac_cv_env_CC_value=
ac_cv_env_CFLAGS_set=
ac_cv_env_CFLAGS_value=
ac_cv_env_CPPFLAGS_set=
ac_cv_env_CPPFLAGS_value=
ac_cv_env_CPP_set=
ac_cv_env_CPP_value=
ac_cv_env_CXXCPP_set=
ac_cv_env_CXXCPP_value=
ac_cv_env_CXXFLAGS_set=
ac_cv_env_CXXFLAGS_value=
ac_cv_env_CXX_set=
ac_cv_env_CXX_value=
ac_cv_env_F77_set=
ac_cv_env_F77_value=
ac_cv_env_FFLAGS_set=
ac_cv_env_FFLAGS_value=
ac_cv_env_LDFLAGS_set=
ac_cv_env_LDFLAGS_value=
ac_cv_env_LIBS_set=
ac_cv_env_LIBS_value=
ac_cv_env_XMKMF_set=
ac_cv_env_XMKMF_value=
ac_cv_env_build_alias_set=
ac_cv_env_build_alias_value=
ac_cv_env_host_alias_set=
ac_cv_env_host_alias_value=
ac_cv_env_target_alias_set=
ac_cv_env_target_alias_value=
ac_cv_f77_compiler_gnu=no
ac_cv_func_bsearch=yes
ac_cv_func_fork=yes
ac_cv_func_fork_works=yes
ac_cv_func_gethostname=yes
ac_cv_func_getpagesize=yes
ac_cv_func_iswblank=yes
ac_cv_func_memchr=yes
ac_cv_func_memset=yes
ac_cv_func_mkstemp=yes
ac_cv_func_mmap=yes
ac_cv_func_mmap_fixed_mapped=yes
ac_cv_func_select=yes
ac_cv_func_setenv=yes
ac_cv_func_snprintf=yes
ac_cv_func_strdup=yes
ac_cv_func_strpbrk=yes
ac_cv_func_strsep=yes
ac_cv_func_unsetenv=yes
ac_cv_func_vfork=yes
ac_cv_func_vfork_works=yes
ac_cv_func_vsnprintf=yes
ac_cv_have_x='have_x=yes	ac_x_includes='\'''\''	ac_x_libraries='\'''\'''
ac_cv_header_dlfcn_h=yes
ac_cv_header_iconv_h=yes
ac_cv_header_inttypes_h=yes
ac_cv_header_langinfo_h=yes
ac_cv_header_memory_h=yes
ac_cv_header_ncurses_h=yes
ac_cv_header_stdc=yes
ac_cv_header_stdint_h=yes
ac_cv_header_stdlib_h=yes
ac_cv_header_string_h=yes
ac_cv_header_strings_h=yes
ac_cv_header_sys_stat_h=yes
ac_cv_header_sys_types_h=yes
ac_cv_header_unistd_h=yes
ac_cv_header_vfork_h=no
ac_cv_host=x86_64-unknown-linux-gnu
ac_cv_lib_ncurses___initscr=yes
ac_cv_lib_ncurses___tgetent=yes
ac_cv_member_struct_stat_st_blksize=yes
ac_cv_objext=o
ac_cv_path_EGREP='/usr/bin/grep -E'
ac_cv_path_GREP=/usr/bin/grep
ac_cv_path_install='/usr/bin/install -c'
ac_cv_path_mkdir=/usr/bin/mkdir
ac_cv_path_vi_cv_path_ar=/usr/bin/ar
ac_cv_path_vi_cv_path_chmod=/usr/bin/chmod
ac_cv_path_vi_cv_path_cp=/usr/bin/cp
ac_cv_path_vi_cv_path_fuser=/usr/bin/fuser
ac_cv_path_vi_cv_path_ln=/usr/bin/ln
ac_cv_path_vi_cv_path_lsof=/usr/bin/lsof
ac_cv_path_vi_cv_path_mkdir=/usr/bin/mkdir
ac_cv_path_vi_cv_path_perl=/usr/bin/perl
ac_cv_path_vi_cv_path_ranlib=/usr/bin/ranlib
ac_cv_path_vi_cv_path_rm=/usr/bin/rm
ac_cv_path_vi_cv_path_sendmail=/usr/sbin/sendmail
ac_cv_path_vi_cv_path_shell=/usr/bin/sh
ac_cv_path_vi_cv_path_strip=/usr/bin/strip
ac_cv_prog_AWK=gawk
ac_cv_prog_CPP='gcc -E'
ac_cv_prog_CXXCPP='g++ -E'
ac_cv_prog_ac_ct_AR=ar
ac_cv_prog_ac_ct_CC=gcc
ac_cv_prog_ac_ct_CXX=g++
ac_cv_prog_ac_ct_RANLIB=ranlib
ac_cv_prog_ac_ct_STRIP=strip
ac_cv_prog_cc_c89=
ac_cv_prog_cc_g=yes
ac_cv_prog_cxx_g=yes
ac_cv_prog_f77_g=no
ac_cv_prog_make_make_set=yes
ac_cv_struct_tm=time.h
ac_cv_type_mode_t=yes
ac_cv_type_off_t=yes
ac_cv_type_pid_t=yes
ac_cv_type_size_t=yes
ac_cv_type_ssize_t=yes
am_cv_CC_dependencies_compiler_type=gcc3
am_cv_CXX_dependencies_compiler_type=gcc3
lt_cv_deplibs_check_method=pass_all
lt_cv_file_magic_cmd='$MAGIC_CMD'
lt_cv_file_magic_test_file=
lt_cv_ld_reload_flag=-r
lt_cv_objdir=.libs
lt_cv_path_LD=/usr/bin/ld
lt_cv_path_LDCXX='/usr/bin/ld -m elf_x86_64'
lt_cv_path_NM='/usr/bin/nm -B'
lt_cv_path_SED=/usr/bin/sed
lt_cv_prog_compiler_c_o=yes
lt_cv_prog_compiler_c_o_CXX=yes
lt_cv_prog_compiler_rtti_exceptions=no
lt_cv_prog_gnu_ld=yes
lt_cv_prog_gnu_ldcxx=yes
lt_cv_sys_global_symbol_pipe='sed -n -e '\''s/^.*[ 	]\([ABCDGIRSTW][ABCDGIRSTW]*\)[ 	][ 	]*\([_A-Za-z][_A-Za-z0-9]*\)$/\1 \2 \2/p'\'''
lt_cv_sys_global_symbol_to_c_name_address='sed -n -e '\''s/^: \([^ ]*\) $/  {\"\1\", (lt_ptr) 0},/p'\'' -e '\''s/^[BCDEGRST] \([^ ]*\) \([^ ]*\)$/  {"\2", (lt_ptr) \&\2},/p'\'''
lt_cv_sys_global_symbol_to_cdecl='sed -n -e '\''s/^. .* \(.*\)$/extern int \1;/p'\'''
lt_cv_sys_max_cmd_len=1572864
lt_lt_cv_prog_compiler_c_o='"yes"'
lt_lt_cv_prog_compiler_c_o_CXX='"yes"'
lt_lt_cv_sys_global_symbol_pipe='"sed -n -e '\''s/^.*[ 	]\\([ABCDGIRSTW][ABCDGIRSTW]*\\)[ 	][ 	]*\\([_A-Za-z][_A-Za-z0-9]*\\)\$/\\1 \\2 \\2/p'\''"'
lt_lt_cv_sys_global_symbol_to_c_name_address='"sed -n -e '\''s/^: \\([^ ]*\\) \$/  {\\\"\\1\\\", (lt_ptr) 0},/p'\'' -e '\''s/^[BCDEGRST] \\([^ ]*\\) \\([^ ]*\\)\$/  {\"\\2\", (lt_ptr) \\&\\2},/p'\''"'
lt_lt_cv_sys_global_symbol_to_cdecl='"sed -n -e '\''s/^. .* \\(.*\\)\$/extern int \\1;/p'\''"'
vi_cv_curses=ncurses
vi_cv_curses_tgetent=yes
vi_cv_db4=no
vi_cv_dbfatal=no
vi_cv_debug=no
vi_cv_dl=no
vi_cv_ftruncate=ftruncate
vi_cv_gettimeofday=okay
vi_cv_gtk=no
vi_cv_have_curses_beep=yes
vi_cv_have_curses_flash=yes
vi_cv_have_curses_idlok=yes
vi_cv_have_curses_keypad=yes
vi_cv_have_curses_newterm=yes
vi_cv_have_curses_setupterm=yes
vi_cv_have_curses_tigetstr=yes
vi_cv_have_curses_waddnstr=yes
vi_cv_include_sys_mman=yes
vi_cv_include_sys_select=yes
vi_cv_int16=yes
vi_cv_int32=yes
vi_cv_lock=flock
vi_cv_motif=no
vi_cv_path_ar=/usr/bin/ar
vi_cv_path_chmod=/usr/bin/chmod
vi_cv_path_cp=/usr/bin/cp
vi_cv_path_fuser=/usr/bin/fuser
vi_cv_path_ln=/usr/bin/ln
vi_cv_path_lsof=/usr/bin/lsof
vi_cv_path_mkdir=/usr/bin/mkdir
vi_cv_path_perl=/usr/bin/perl
vi_cv_path_preserve=/var/tmp/vi.recover
vi_cv_path_ranlib=/usr/bin/ranlib
vi_cv_path_rm=/usr/bin/rm
vi_cv_path_sendmail=/usr/sbin/sendmail
vi_cv_path_shell=/usr/bin/sh
vi_cv_path_strip=/usr/bin/strip
vi_cv_perlinterp=no
vi_cv_proto_fprintf=no
vi_cv_re_lib='bundled RE'
vi_cv_revoke=yes
vi_cv_runpath=yes
vi_cv_sprintf_count=yes
vi_cv_sys5_pty=yes
vi_cv_tclinterp=no
vi_cv_threads=no
vi_cv_trace=no
vi_cv_type_fprintf=void
vi_cv_uchar=yes
vi_cv_uint16=yes
vi_cv_uint32=yes
vi_cv_uint8=yes
vi_cv_uint=yes
vi_cv_ulong=yes
vi_cv_ushort=yes
vi_cv_widechar=no

## ----------------- ##
## Output variables. ##
## ----------------- ##

ACLOCAL='${SHELL} /home/syed/sr/nvi/dist/missing --run aclocal-1.10'
AMDEPBACKSLASH='\'
AMDEP_FALSE='#'
AMDEP_TRUE=''
AMTAR='${SHELL} /home/syed/sr/nvi/dist/missing --run tar'
AR='ar'
AUTOCONF='${SHELL} /home/syed/sr/nvi/dist/missing --run autoconf'
AUTOHEADER='${SHELL} /home/syed/sr/nvi/dist/missing --run autoheader'
AUTOMAKE='${SHELL} /home/syed/sr/nvi/dist/missing --run automake-1.10'
AWK='gawk'
CC='gcc'
CCDEPMODE='depmode=gcc3'
CFLAGS='-g -O2'
CPP='gcc -E'
CPPFLAGS='-I$(visrcdir)/regex  '
CURSCPPFLAGS=''
CURSLDFLAGS=''
CURSLIBS='-lncurses '
CXX='g++'
CXXCPP='g++ -E'
CXXDEPMODE='depmode=gcc3'
CXXFLAGS='-g -O2'
CYGPATH_W='echo'
DEFS='-DHAVE_CONFIG_H'
DEPDIR='.deps'
ECHO='echo'
ECHO_C=''
ECHO_N='-n'
ECHO_T=''
EGREP='/usr/bin/grep -E'
EXEEXT=''
F77=''
FFLAGS=''
GREP='/usr/bin/grep'
GTKINCS=''
GTKLIBS=''
GTK_CFLAGS=''
GTK_CONFIG=''
GTK_LIBS=''
HAVE_NCURSESW=''
INSTALL_DATA='${INSTALL} -m 644'
INSTALL_PROGRAM='${INSTALL}'
INSTALL_SCRIPT='${INSTALL}'
INSTALL_STRIP_PROGRAM='$(install_sh) -c -s'
INUSE='fuser -s $i'
IPCOBJS='nothread.o '
LDFLAGS=' '
LIBOBJS=' ${LIBOBJDIR}regcomp$U.o ${LIBOBJDIR}regerror$U.o ${LIBOBJDIR}regexec$U.o ${LIBOBJDIR}regfree$U.o ${LIBOBJDIR}log$U.o'
LIBS='-ldb  '
LIBTOOL='$(SHELL) $(top_builddir)/libtool'
LN_S='ln -s'
LTLIBOBJS=' ${LIBOBJDIR}regcomp$U.lo ${LIBOBJDIR}regerror$U.lo ${LIBOBJDIR}regexec$U.lo ${LIBOBJDIR}regfree$U.lo ${LIBOBJDIR}log$U.lo'
MAKEINFO='${SHELL} /home/syed/sr/nvi/dist/missing --run makeinfo'
MOTIFLIBS=''
NEED_FPRINTF_PROTO=''
OBJEXT='o'
OPTFLAG='-O'
PACKAGE='vi'
PACKAGE_BUGREPORT=''
PACKAGE_NAME=''
PACKAGE_STRING=''
PACKAGE_TARNAME=''
PACKAGE_VERSION=''
PATH_SEPARATOR=':'
PKG_CONFIG=''
RANLIB='ranlib'
SED='/usr/bin/sed'
SET_MAKE=''
SHELL='/bin/bash'
STRIP='strip'
VERSION='1.81.6'
XINCS=''
XMKMF=''
ac_ct_CC='gcc'
ac_ct_CXX='g++'
ac_ct_F77=''
am__fastdepCC_FALSE='#'
am__fastdepCC_TRUE=''
am__fastdepCXX_FALSE='#'
am__fastdepCXX_TRUE=''
am__include='include'
am__isrc=' -I$(srcdir)'
am__leading_dot='.'
am__quote=''
am__tar='${AMTAR} chof - "$$tardir"'
am__untar='${AMTAR} xf -'
bindir='${exec_prefix}/bin'
build='x86_64-unknown-linux-gnu'
build_alias=''
build_cpu='x86_64'
build_os='linux-gnu'
build_vendor='unknown'
datadir='${datarootdir}'
datarootdir='${prefix}/share'
dl_src=''
docdir='${datarootdir}/doc/${PACKAGE}'
dvidir='${docdir}'
exec_prefix='${prefix}'
host='x86_64-unknown-linux-gnu'
host_alias=''
host_cpu='x86_64'
host_os='linux-gnu'
host_vendor='unknown'
htmldir='${docdir}'
includedir='${prefix}/include'
infodir='${datarootdir}/info'
install_sh='$(SHELL) /home/syed/sr/nvi/dist/install-sh'
int16_decl=''
int32_decl=''
libdir='${exec_prefix}/lib'
libexecdir='${exec_prefix}/libexec'
localedir='${datarootdir}/locale'
localstatedir='${prefix}/var'
mandir='${datarootdir}/man'
mkdir_p='/usr/bin/mkdir -p'
no_op_OPTFLAG='-O'
oldincludedir='/usr/include'
pdfdir='${docdir}'
perlldflags=''
perllibs=''
prefix='/usr/local'
program_transform_name='s&^&n&'
psdir='${docdir}'
sbindir='${exec_prefix}/sbin'
sharedstatedir='${prefix}/com'
shrpenv=''
sysconfdir='${prefix}/etc'
target_alias=''
u_char_decl=''
u_int16_decl=''
u_int32_decl=''
u_int8_decl=''
u_int_decl=''
u_long_decl=''
u_short_decl=''
vi_cv_path_ar='/usr/bin/ar'
vi_cv_path_chmod='/usr/bin/chmod'
vi_cv_path_cp='/usr/bin/cp'
vi_cv_path_db3=''
vi_cv_path_fuser='/usr/bin/fuser'
vi_cv_path_ln='/usr/bin/ln'
vi_cv_path_lsof='/usr/bin/lsof'
vi_cv_path_mkdir='/usr/bin/mkdir'
vi_cv_path_perl='/usr/bin/perl'
vi_cv_path_preserve='/var/tmp/vi.recover'
vi_cv_path_ranlib='/usr/bin/ranlib'
vi_cv_path_rm='/usr/bin/rm'
vi_cv_path_sendmail='/usr/sbin/sendmail'
vi_cv_path_shell='/usr/bin/sh'
vi_cv_path_strip='/usr/bin/strip'
vi_cv_perllib=''
vi_ipc=''
vi_programs='vi '

## ----------- ##
## confdefs.h. ##
## ----------- ##

#define PACKAGE_NAME ""
#define PACKAGE_TARNAME ""
#define PACKAGE_VERSION ""
#define PACKAGE_STRING ""
#define PACKAGE_BUGREPORT ""
#define PACKAGE "vi"
#define VERSION "1.81.6"
#define STDC_HEADERS 1
#define HAVE_SYS_TYPES_H 1
#define HAVE_SYS_STAT_H 1
#define HAVE_STDLIB_H 1
#define HAVE_STRING_H 1
#define HAVE_MEMORY_H 1
#define HAVE_STRINGS_H 1
#define HAVE_INTTYPES_H 1
#define HAVE_STDINT_H 1
#define HAVE_UNISTD_H 1
#define HAVE_DLFCN_H 1
#define HAVE_GCC 1
#define USE_ICONV 1
#define HAVE_ISWBLANK 1
#define HAVE_NCURSES_H 1
#define HAVE_SYS_MMAN_H 1
#define HAVE_SYS_SELECT_H 1
#define HAVE_STRUCT_STAT_ST_BLKSIZE 1
#define HAVE_ST_BLKSIZE 1
#define HAVE_BSEARCH 1
#define HAVE_GETHOSTNAME 1
#define HAVE_MEMCHR 1
#define HAVE_MEMSET 1
#define HAVE_MKSTEMP 1
#define HAVE_MMAP 1
#define HAVE_STRDUP 1
#define HAVE_STRPBRK 1
#define HAVE_SNPRINTF 1
#define HAVE_VSNPRINTF 1
#define HAVE_SELECT 1
#define HAVE_SETENV 1
#define HAVE_STRSEP 1
#define HAVE_UNSETENV 1
#define HAVE_STDLIB_H 1
#define HAVE_UNISTD_H 1
#define HAVE_GETPAGESIZE 1
#define HAVE_MMAP 1
#define HAVE_FORK 1
#define HAVE_VFORK 1
#define HAVE_WORKING_VFORK 1
#define HAVE_WORKING_FORK 1
#define HAVE_LOCK_FLOCK 1
#define HAVE_FTRUNCATE_FTRUNCATE 1
#define HAVE_CURSES_TIGETSTR 1
#define HAVE_CURSES_WADDNSTR 1
#define HAVE_CURSES_BEEP 1
#define HAVE_CURSES_FLASH 1
#define HAVE_CURSES_IDLOK 1
#define HAVE_CURSES_KEYPAD 1
#define HAVE_CURSES_NEWTERM 1
#define HAVE_CURSES_SETUPTERM 1
#define HAVE_SYS5_PTY 1
#define HAVE_REVOKE 1

configure: exit 0
